DYLD_FALLBACK_LIBRARY_PATH=.:/Users/ryon/.rbenv/versions/3.2.0/lib "clang -o conftest -I/Users/ryon/.rbenv/versions/3.2.0/include/ruby-3.2.0/x86_64-darwin22 -I/Users/ryon/.rbenv/versions/3.2.0/include/ruby-3.2.0/ruby/backward -I/Users/ryon/.rbenv/versions/3.2.0/include/ruby-3.2.0 -I. -I/Users/ryon/.rbenv/versions/3.2.0/include  -I/usr/local/opt/gmp/include -D_XOPEN_SOURCE -D_DARWIN_C_SOURCE -D_DARWIN_UNLIMITED_SELECT -D_REENTRANT   -fdeclspec -O3 -fno-fast-math -ggdb3 -Wall -Wextra -Wextra-tokens -Wdeprecated-declarations -Wdivision-by-zero -Wdiv-by-zero -Wimplicit-function-declaration -Wimplicit-int -Wmisleading-indentation -Wpointer-arith -Wshorten-64-to-32 -Wwrite-strings -Wold-style-definition -Wmissing-noreturn -Wno-cast-function-type -Wno-constant-logical-operand -Wno-long-long -Wno-missing-field-initializers -Wno-overlength-strings -Wno-parentheses-equality -Wno-self-assign -Wno-tautological-compare -Wno-unused-parameter -Wno-unused-value -Wunused-variable -Wundef  -fno-common -pipe  conftest.c  -L. -L/Users/ryon/.rbenv/versions/3.2.0/lib -L. -L/Users/ryon/.rbenv/versions/3.2.0/lib  -fstack-protector-strong -L/usr/local/opt/gmp/lib     -lruby.3.2  -lpthread   "
checked program was:
/* begin */
1: #include "ruby.h"
2: 
3: int main(int argc, char **argv)
4: {
5:   return !!argv[argc];
6: }
/* end */

DYLD_FALLBACK_LIBRARY_PATH=.:/Users/ryon/.rbenv/versions/3.2.0/lib "clang -I/Users/ryon/.rbenv/versions/3.2.0/include/ruby-3.2.0/x86_64-darwin22 -I/Users/ryon/.rbenv/versions/3.2.0/include/ruby-3.2.0/ruby/backward -I/Users/ryon/.rbenv/versions/3.2.0/include/ruby-3.2.0 -I. -I/Users/ryon/.rbenv/versions/3.2.0/include  -I/usr/local/opt/gmp/include -D_XOPEN_SOURCE -D_DARWIN_C_SOURCE -D_DARWIN_UNLIMITED_SELECT -D_REENTRANT   -fdeclspec -O3 -fno-fast-math -ggdb3 -Wall -Wextra -Wextra-tokens -Wdeprecated-declarations -Wdivision-by-zero -Wdiv-by-zero -Wimplicit-function-declaration -Wimplicit-int -Wmisleading-indentation -Wpointer-arith -Wshorten-64-to-32 -Wwrite-strings -Wold-style-definition -Wmissing-noreturn -Wno-cast-function-type -Wno-constant-logical-operand -Wno-long-long -Wno-missing-field-initializers -Wno-overlength-strings -Wno-parentheses-equality -Wno-self-assign -Wno-tautological-compare -Wno-unused-parameter -Wno-unused-value -Wunused-variable -Wundef  -fno-common -pipe    -Werror -c conftest.c"
checked program was:
/* begin */
1: #include "ruby.h"
2: 
3: int main() {return 0;}
/* end */

DYLD_FALLBACK_LIBRARY_PATH=.:/Users/ryon/.rbenv/versions/3.2.0/lib "clang -I/Users/ryon/.rbenv/versions/3.2.0/include/ruby-3.2.0/x86_64-darwin22 -I/Users/ryon/.rbenv/versions/3.2.0/include/ruby-3.2.0/ruby/backward -I/Users/ryon/.rbenv/versions/3.2.0/include/ruby-3.2.0 -I. -I/Users/ryon/.rbenv/versions/3.2.0/include  -I/usr/local/opt/gmp/include -D_XOPEN_SOURCE -D_DARWIN_C_SOURCE -D_DARWIN_UNLIMITED_SELECT -D_REENTRANT   -fdeclspec -O3 -fno-fast-math -ggdb3 -Wall -Wextra -Wextra-tokens -Wdeprecated-declarations -Wdivision-by-zero -Wdiv-by-zero -Wimplicit-function-declaration -Wimplicit-int -Wmisleading-indentation -Wpointer-arith -Wshorten-64-to-32 -Wwrite-strings -Wold-style-definition -Wmissing-noreturn -Wno-cast-function-type -Wno-constant-logical-operand -Wno-long-long -Wno-missing-field-initializers -Wno-overlength-strings -Wno-parentheses-equality -Wno-self-assign -Wno-tautological-compare -Wno-unused-parameter -Wno-unused-value -Wunused-variable -Wundef  -fno-common -pipe  -Wno-error=unused-command-line-argument-hard-error-in-future   -Werror -c conftest.c"
error: unknown warning option '-Werror=unused-command-line-argument-hard-error-in-future'; did you mean '-Werror=unused-command-line-argument'? [-Werror,-Wunknown-warning-option]
checked program was:
/* begin */
1: #include "ruby.h"
2: 
3: int main() {return 0;}
/* end */

